[debug] [2022-12-19T11:19:00.399Z] ----------------------------------------------------------------------
[debug] [2022-12-19T11:19:00.401Z] Command:       C:\Program Files\nodejs\node.exe C:\Users\user\AppData\Roaming\npm\node_modules\firebase-tools\lib\bin\firebase.js emulators:start --only functions
[debug] [2022-12-19T11:19:00.402Z] CLI Version:   11.16.1
[debug] [2022-12-19T11:19:00.402Z] Platform:      win32
[debug] [2022-12-19T11:19:00.402Z] Node Version:  v16.16.0
[debug] [2022-12-19T11:19:00.412Z] Time:          Mon Dec 19 2022 16:49:00 GMT+0530 (India Standard Time)
[debug] [2022-12-19T11:19:00.412Z] ----------------------------------------------------------------------
[debug] 
[debug] [2022-12-19T11:19:00.531Z] > command requires scopes: ["email","openid","https://www.googleapis.com/auth/cloudplatformprojects.readonly","https://www.googleapis.com/auth/firebase","https://www.googleapis.com/auth/cloud-platform"]
[debug] [2022-12-19T11:19:00.532Z] > authorizing via signed-in user (e18068@eng.pdn.ac.lk)
[info] i  emulators: Starting emulators: functions {"metadata":{"emulator":{"name":"hub"},"message":"Starting emulators: functions"}}
[debug] [2022-12-19T11:19:00.546Z] [logging] Logging Emulator only supports listening on one address (127.0.0.1). Not listening on ::1
[debug] [2022-12-19T11:19:00.546Z] assigned listening specs for emulators {"user":{"hub":[{"address":"127.0.0.1","family":"IPv4","port":4400},{"address":"::1","family":"IPv6","port":4400}],"ui":[{"address":"127.0.0.1","family":"IPv4","port":4000},{"address":"::1","family":"IPv6","port":4000}],"logging":[{"address":"127.0.0.1","family":"IPv4","port":4500}]},"metadata":{"message":"assigned listening specs for emulators"}}
[debug] [2022-12-19T11:19:00.555Z] [hub] writing locator at C:\Users\user\AppData\Local\Temp\hub-co300project.json
[debug] [2022-12-19T11:19:00.590Z] [functions] Functions Emulator only supports listening on one address (127.0.0.1). Not listening on ::1
[debug] [2022-12-19T11:19:00.590Z] [eventarc] Eventarc Emulator only supports listening on one address (127.0.0.1). Not listening on ::1
[debug] [2022-12-19T11:19:00.591Z] late-assigned ports for functions and eventarc emulators {"user":{"hub":[{"address":"127.0.0.1","family":"IPv4","port":4400},{"address":"::1","family":"IPv6","port":4400}],"ui":[{"address":"127.0.0.1","family":"IPv4","port":4000},{"address":"::1","family":"IPv6","port":4000}],"logging":[{"address":"127.0.0.1","family":"IPv4","port":4500}],"functions":[{"address":"127.0.0.1","family":"IPv4","port":5001}],"eventarc":[{"address":"127.0.0.1","family":"IPv4","port":9299}]},"metadata":{"message":"late-assigned ports for functions and eventarc emulators"}}
[warn] !  functions: The following emulators are not running, calls to these services from the Functions emulator will affect production: auth, firestore, database, hosting, pubsub, storage {"metadata":{"emulator":{"name":"functions"},"message":"The following emulators are not running, calls to these services from the Functions emulator will affect production: \u001b[1mauth, firestore, database, hosting, pubsub, storage\u001b[22m"}}
[info] +  functions: Using node@16 from host. {"metadata":{"emulator":{"name":"functions"},"message":"Using node@16 from host."}}
[debug] [2022-12-19T11:19:00.621Z] defaultcredentials: writing to file C:\Users\user\AppData\Roaming\firebase\e18068_eng_pdn.ac.lk_application_default_credentials.json
[debug] [2022-12-19T11:19:00.626Z] Setting GAC to C:\Users\user\AppData\Roaming\firebase\e18068_eng_pdn.ac.lk_application_default_credentials.json {"metadata":{"emulator":{"name":"functions"},"message":"Setting GAC to C:\\Users\\user\\AppData\\Roaming\\firebase\\e18068_eng_pdn.ac.lk_application_default_credentials.json"}}
[debug] [2022-12-19T11:19:00.627Z] > refreshing access token with scopes: []
[debug] [2022-12-19T11:19:00.629Z] >>> [apiv2][query] POST https://www.googleapis.com/oauth2/v3/token [none]
[debug] [2022-12-19T11:19:00.629Z] >>> [apiv2][body] POST https://www.googleapis.com/oauth2/v3/token [omitted]
[debug] [2022-12-19T11:19:01.031Z] <<< [apiv2][status] POST https://www.googleapis.com/oauth2/v3/token 200
[debug] [2022-12-19T11:19:01.031Z] <<< [apiv2][body] POST https://www.googleapis.com/oauth2/v3/token [omitted]
[debug] [2022-12-19T11:19:01.038Z] >>> [apiv2][query] GET https://firebase.googleapis.com/v1beta1/projects/co300project/adminSdkConfig [none]
[debug] [2022-12-19T11:19:01.667Z] <<< [apiv2][status] GET https://firebase.googleapis.com/v1beta1/projects/co300project/adminSdkConfig 200
[debug] [2022-12-19T11:19:01.668Z] <<< [apiv2][body] GET https://firebase.googleapis.com/v1beta1/projects/co300project/adminSdkConfig {"projectId":"co300project","databaseURL":"https://co300project-default-rtdb.firebaseio.com","storageBucket":"co300project.appspot.com"}
[debug] [2022-12-19T11:19:01.694Z] Ignoring unsupported arg: auto_download {"metadata":{"emulator":{"name":"ui"},"message":"Ignoring unsupported arg: auto_download"}}
[debug] [2022-12-19T11:19:01.695Z] Ignoring unsupported arg: port {"metadata":{"emulator":{"name":"ui"},"message":"Ignoring unsupported arg: port"}}
[debug] [2022-12-19T11:19:01.695Z] Starting Emulator UI with command {"binary":"node","args":["C:\\Users\\user\\.cache\\firebase\\emulators\\ui-v1.11.1\\server\\server.js"],"optionalArgs":[],"joinArgs":false} {"metadata":{"emulator":{"name":"ui"},"message":"Starting Emulator UI with command {\"binary\":\"node\",\"args\":[\"C:\\\\Users\\\\user\\\\.cache\\\\firebase\\\\emulators\\\\ui-v1.11.1\\\\server\\\\server.js\"],\"optionalArgs\":[],\"joinArgs\":false}"}}
[info] i  ui: Emulator UI logging to ui-debug.log {"metadata":{"emulator":{"name":"ui"},"message":"Emulator UI logging to \u001b[1mui-debug.log\u001b[22m"}}
[debug] [2022-12-19T11:19:01.867Z] Web / API server started at 127.0.0.1:4000
 {"metadata":{"emulator":{"name":"ui"},"message":"Web / API server started at 127.0.0.1:4000\n"}}
[debug] [2022-12-19T11:19:01.867Z] Web / API server started at ::1:4000
 {"metadata":{"emulator":{"name":"ui"},"message":"Web / API server started at ::1:4000\n"}}
[info] i  functions: Watching "C:\Users\user\Desktop\GIT\300\e18-3yp-Smart-Gate-Keeping-and-Authentication-System\functions" for Cloud Functions... {"metadata":{"emulator":{"name":"functions"},"message":"Watching \"C:\\Users\\user\\Desktop\\GIT\\300\\e18-3yp-Smart-Gate-Keeping-and-Authentication-System\\functions\" for Cloud Functions..."}}
[debug] [2022-12-19T11:19:01.966Z] Validating nodejs source
[warn] !  functions: package.json indicates an outdated version of firebase-functions. Please upgrade using npm install --save firebase-functions@latest in your functions directory. 
[warn] !  functions: Please note that there will be breaking changes when you upgrade. 
[debug] [2022-12-19T11:19:04.788Z] > [functions] package.json contents: {
  "name": "functions",
  "description": "Cloud Functions for Firebase",
  "scripts": {
    "lint": "eslint .",
    "serve": "firebase emulators:start --only functions",
    "shell": "firebase functions:shell",
    "start": "npm run shell",
    "deploy": "firebase deploy --only functions",
    "logs": "firebase functions:log"
  },
  "engines": {
    "node": "16"
  },
  "main": "index.js",
  "dependencies": {
    "cors": "^2.8.5",
    "express": "^4.18.2",
    "firebase-admin": "^10.0.2",
    "firebase-functions": "^3.18.0"
  },
  "devDependencies": {
    "eslint": "^8.9.0",
    "eslint-config-google": "^0.14.0",
    "firebase-functions-test": "^0.2.0"
  },
  "private": true
}
[debug] [2022-12-19T11:19:04.788Z] Building nodejs source
[debug] [2022-12-19T11:19:04.788Z] Analyzing nodejs backend spec
[debug] [2022-12-19T11:19:04.790Z] Could not find functions.yaml. Must use http discovery
[debug] [2022-12-19T11:19:05.167Z] Serving at port 9005

[debug] [2022-12-19T11:19:05.262Z] Got response from /__/functions.yaml {"endpoints":{},"specVersion":"v1alpha1","requiredAPIs":[]}
[debug] [2022-12-19T11:19:05.268Z] shutdown requested via /__/quitquitquit

[info] +  functions: Loaded functions definitions from source: . {"metadata":{"emulator":{"name":"functions"},"message":"Loaded functions definitions from source: ."}}
[info] 
┌─────────────────────────────────────────────────────────────┐
│ ✔  All emulators ready! It is now safe to connect your app. │
│ i  View Emulator UI at http://127.0.0.1:4000/               │
└─────────────────────────────────────────────────────────────┘

┌───────────┬────────────────┬─────────────────────────────────┐
│ Emulator  │ Host:Port      │ View in Emulator UI             │
├───────────┼────────────────┼─────────────────────────────────┤
│ Functions │ 127.0.0.1:5001 │ http://127.0.0.1:4000/functions │
└───────────┴────────────────┴─────────────────────────────────┘
  Emulator Hub running at 127.0.0.1:4400
  Other reserved ports: 4500

Issues? Report them at https://github.com/firebase/firebase-tools/issues and attach the *-debug.log files.
 
[debug] [2022-12-19T11:21:16.162Z] [work-queue] {"queueLength":1,"workRunningCount":0}
[debug] [2022-12-19T11:21:16.164Z] [work-queue] {"queueLength":0,"workRunningCount":1}
[debug] [2022-12-19T11:21:16.175Z] [work-queue] {"queueLength":0,"workRunningCount":0}
[debug] [2022-12-19T11:21:17.073Z] Functions emulator received unknown request at path /favicon.ico
[debug] [2022-12-19T11:21:49.069Z] File C:\Users\user\Desktop\GIT\300\e18-3yp-Smart-Gate-Keeping-and-Authentication-System\functions\index.js changed, reloading triggers {"metadata":{"emulator":{"name":"functions"},"message":"File C:\\Users\\user\\Desktop\\GIT\\300\\e18-3yp-Smart-Gate-Keeping-and-Authentication-System\\functions\\index.js changed, reloading triggers"}}
[debug] [2022-12-19T11:21:50.087Z] Validating nodejs source
[warn] !  functions: package.json indicates an outdated version of firebase-functions. Please upgrade using npm install --save firebase-functions@latest in your functions directory. 
[warn] !  functions: Please note that there will be breaking changes when you upgrade. 
[debug] [2022-12-19T11:21:58.940Z] > [functions] package.json contents: {
  "name": "functions",
  "description": "Cloud Functions for Firebase",
  "scripts": {
    "lint": "eslint .",
    "serve": "firebase emulators:start --only functions",
    "shell": "firebase functions:shell",
    "start": "npm run shell",
    "deploy": "firebase deploy --only functions",
    "logs": "firebase functions:log"
  },
  "engines": {
    "node": "16"
  },
  "main": "index.js",
  "dependencies": {
    "cors": "^2.8.5",
    "express": "^4.18.2",
    "firebase-admin": "^10.0.2",
    "firebase-functions": "^3.18.0"
  },
  "devDependencies": {
    "eslint": "^8.9.0",
    "eslint-config-google": "^0.14.0",
    "firebase-functions-test": "^0.2.0"
  },
  "private": true
}
[debug] [2022-12-19T11:21:58.941Z] Building nodejs source
[debug] [2022-12-19T11:21:58.941Z] Analyzing nodejs backend spec
[debug] [2022-12-19T11:21:58.942Z] Could not find functions.yaml. Must use http discovery
[debug] [2022-12-19T11:21:58.985Z] [work-queue] {"queueLength":1,"workRunningCount":0}
[debug] [2022-12-19T11:21:58.985Z] [work-queue] {"queueLength":0,"workRunningCount":1}
[debug] [2022-12-19T11:21:58.987Z] [work-queue] {"queueLength":0,"workRunningCount":0}
[debug] [2022-12-19T11:21:59.691Z] Serving at port 9005

[debug] [2022-12-19T11:22:00.200Z] Got response from /__/functions.yaml {"endpoints":{"app":{"platform":"gcfv1","httpsTrigger":{},"entryPoint":"app"}},"specVersion":"v1alpha1","requiredAPIs":[]}
[debug] [2022-12-19T11:22:00.208Z] shutdown requested via /__/quitquitquit

[info] +  functions: Loaded functions definitions from source: app. {"metadata":{"emulator":{"name":"functions"},"message":"Loaded functions definitions from source: app."}}
[info] +  functions[us-central1-app]: http function initialized (http://127.0.0.1:5001/co300project/us-central1/app). {"metadata":{"emulator":{"name":"functions"},"message":"\u001b[1mhttp\u001b[22m function initialized (http://127.0.0.1:5001/co300project/us-central1/app)."}}
[debug] [2022-12-19T11:22:36.500Z] [work-queue] {"queueLength":1,"workRunningCount":0}
[debug] [2022-12-19T11:22:36.502Z] [work-queue] {"queueLength":0,"workRunningCount":1}
[debug] [2022-12-19T11:22:36.503Z] Accepted request GET /co300project/us-central1/app --> us-central1-app
[debug] [2022-12-19T11:22:36.552Z] [functions] Runtime ready! Sending request! {"metadata":{"emulator":{"name":"functions"},"message":"[functions] Runtime ready! Sending request!"}}
[debug] [2022-12-19T11:22:36.556Z] [functions] Got req.url=/co300project/us-central1/app, mapping to path=/ {"metadata":{"emulator":{"name":"functions"},"message":"[functions] Got req.url=/co300project/us-central1/app, mapping to path=/"}}
[debug] [2022-12-19T11:22:38.743Z] [worker-pool] addWorker(us-central1-app) {"metadata":{"emulator":{"name":"functions"},"message":"[worker-pool] addWorker(us-central1-app)"}}
[debug] [2022-12-19T11:22:38.746Z] [worker-pool] Adding worker with key us-central1-app, total=1 {"metadata":{"emulator":{"name":"functions"},"message":"[worker-pool] Adding worker with key us-central1-app, total=1"}}
[debug] [2022-12-19T11:22:47.710Z] [runtime-status] [26432] Resolved module firebase-admin {"declared":true,"installed":true,"version":"10.3.0","resolution":"C:\\Users\\user\\Desktop\\GIT\\300\\e18-3yp-Smart-Gate-Keeping-and-Authentication-System\\functions\\node_modules\\firebase-admin\\lib\\index.js"} {"metadata":{"emulator":{"name":"functions"},"function":{"name":"us-central1-app"},"extension":{},"message":"[runtime-status] [26432] Resolved module firebase-admin {\"declared\":true,\"installed\":true,\"version\":\"10.3.0\",\"resolution\":\"C:\\\\Users\\\\user\\\\Desktop\\\\GIT\\\\300\\\\e18-3yp-Smart-Gate-Keeping-and-Authentication-System\\\\functions\\\\node_modules\\\\firebase-admin\\\\lib\\\\index.js\"}"}}
[debug] [2022-12-19T11:22:47.714Z] [runtime-status] [26432] Resolved module firebase-functions {"declared":true,"installed":true,"version":"3.24.1","resolution":"C:\\Users\\user\\Desktop\\GIT\\300\\e18-3yp-Smart-Gate-Keeping-and-Authentication-System\\functions\\node_modules\\firebase-functions\\lib\\index.js"} {"metadata":{"emulator":{"name":"functions"},"function":{"name":"us-central1-app"},"extension":{},"message":"[runtime-status] [26432] Resolved module firebase-functions {\"declared\":true,\"installed\":true,\"version\":\"3.24.1\",\"resolution\":\"C:\\\\Users\\\\user\\\\Desktop\\\\GIT\\\\300\\\\e18-3yp-Smart-Gate-Keeping-and-Authentication-System\\\\functions\\\\node_modules\\\\firebase-functions\\\\lib\\\\index.js\"}"}}
[debug] [2022-12-19T11:22:47.715Z] [runtime-status] [26432] Outgoing network have been stubbed. [{"name":"http","status":"mocked"},{"name":"http","status":"mocked"},{"name":"https","status":"mocked"},{"name":"https","status":"mocked"},{"name":"net","status":"mocked"}] {"metadata":{"emulator":{"name":"functions"},"function":{"name":"us-central1-app"},"extension":{},"message":"[runtime-status] [26432] Outgoing network have been stubbed. [{\"name\":\"http\",\"status\":\"mocked\"},{\"name\":\"http\",\"status\":\"mocked\"},{\"name\":\"https\",\"status\":\"mocked\"},{\"name\":\"https\",\"status\":\"mocked\"},{\"name\":\"net\",\"status\":\"mocked\"}]"}}
[debug] [2022-12-19T11:22:47.715Z] [runtime-status] [26432] Resolved module firebase-functions {"declared":true,"installed":true,"version":"3.24.1","resolution":"C:\\Users\\user\\Desktop\\GIT\\300\\e18-3yp-Smart-Gate-Keeping-and-Authentication-System\\functions\\node_modules\\firebase-functions\\lib\\index.js"} {"metadata":{"emulator":{"name":"functions"},"function":{"name":"us-central1-app"},"extension":{},"message":"[runtime-status] [26432] Resolved module firebase-functions {\"declared\":true,\"installed\":true,\"version\":\"3.24.1\",\"resolution\":\"C:\\\\Users\\\\user\\\\Desktop\\\\GIT\\\\300\\\\e18-3yp-Smart-Gate-Keeping-and-Authentication-System\\\\functions\\\\node_modules\\\\firebase-functions\\\\lib\\\\index.js\"}"}}
[debug] [2022-12-19T11:22:48.491Z] [runtime-status] [26432] Checked functions.config() {"config":{}} {"metadata":{"emulator":{"name":"functions"},"function":{"name":"us-central1-app"},"extension":{},"message":"[runtime-status] [26432] Checked functions.config() {\"config\":{}}"}}
[debug] [2022-12-19T11:22:48.492Z] [runtime-status] [26432] firebase-functions has been stubbed. {"functionsResolution":{"declared":true,"installed":true,"version":"3.24.1","resolution":"C:\\Users\\user\\Desktop\\GIT\\300\\e18-3yp-Smart-Gate-Keeping-and-Authentication-System\\functions\\node_modules\\firebase-functions\\lib\\index.js"}} {"metadata":{"emulator":{"name":"functions"},"function":{"name":"us-central1-app"},"extension":{},"message":"[runtime-status] [26432] firebase-functions has been stubbed. {\"functionsResolution\":{\"declared\":true,\"installed\":true,\"version\":\"3.24.1\",\"resolution\":\"C:\\\\Users\\\\user\\\\Desktop\\\\GIT\\\\300\\\\e18-3yp-Smart-Gate-Keeping-and-Authentication-System\\\\functions\\\\node_modules\\\\firebase-functions\\\\lib\\\\index.js\"}}"}}
[debug] [2022-12-19T11:22:48.494Z] [runtime-status] [26432] Resolved module firebase-functions {"declared":true,"installed":true,"version":"3.24.1","resolution":"C:\\Users\\user\\Desktop\\GIT\\300\\e18-3yp-Smart-Gate-Keeping-and-Authentication-System\\functions\\node_modules\\firebase-functions\\lib\\index.js"} {"metadata":{"emulator":{"name":"functions"},"function":{"name":"us-central1-app"},"extension":{},"message":"[runtime-status] [26432] Resolved module firebase-functions {\"declared\":true,\"installed\":true,\"version\":\"3.24.1\",\"resolution\":\"C:\\\\Users\\\\user\\\\Desktop\\\\GIT\\\\300\\\\e18-3yp-Smart-Gate-Keeping-and-Authentication-System\\\\functions\\\\node_modules\\\\firebase-functions\\\\lib\\\\index.js\"}"}}
[debug] [2022-12-19T11:22:48.497Z] [runtime-status] [26432] Resolved module firebase-admin {"declared":true,"installed":true,"version":"10.3.0","resolution":"C:\\Users\\user\\Desktop\\GIT\\300\\e18-3yp-Smart-Gate-Keeping-and-Authentication-System\\functions\\node_modules\\firebase-admin\\lib\\index.js"} {"metadata":{"emulator":{"name":"functions"},"function":{"name":"us-central1-app"},"extension":{},"message":"[runtime-status] [26432] Resolved module firebase-admin {\"declared\":true,\"installed\":true,\"version\":\"10.3.0\",\"resolution\":\"C:\\\\Users\\\\user\\\\Desktop\\\\GIT\\\\300\\\\e18-3yp-Smart-Gate-Keeping-and-Authentication-System\\\\functions\\\\node_modules\\\\firebase-admin\\\\lib\\\\index.js\"}"}}
[debug] [2022-12-19T11:22:48.499Z] [runtime-status] [26432] Resolved module firebase-functions {"declared":true,"installed":true,"version":"3.24.1","resolution":"C:\\Users\\user\\Desktop\\GIT\\300\\e18-3yp-Smart-Gate-Keeping-and-Authentication-System\\functions\\node_modules\\firebase-functions\\lib\\index.js"} {"metadata":{"emulator":{"name":"functions"},"function":{"name":"us-central1-app"},"extension":{},"message":"[runtime-status] [26432] Resolved module firebase-functions {\"declared\":true,\"installed\":true,\"version\":\"3.24.1\",\"resolution\":\"C:\\\\Users\\\\user\\\\Desktop\\\\GIT\\\\300\\\\e18-3yp-Smart-Gate-Keeping-and-Authentication-System\\\\functions\\\\node_modules\\\\firebase-functions\\\\lib\\\\index.js\"}"}}
[debug] [2022-12-19T11:22:48.500Z] [runtime-status] [26432] firebase-admin has been stubbed. {"adminResolution":{"declared":true,"installed":true,"version":"10.3.0","resolution":"C:\\Users\\user\\Desktop\\GIT\\300\\e18-3yp-Smart-Gate-Keeping-and-Authentication-System\\functions\\node_modules\\firebase-admin\\lib\\index.js"}} {"metadata":{"emulator":{"name":"functions"},"function":{"name":"us-central1-app"},"extension":{},"message":"[runtime-status] [26432] firebase-admin has been stubbed. {\"adminResolution\":{\"declared\":true,\"installed\":true,\"version\":\"10.3.0\",\"resolution\":\"C:\\\\Users\\\\user\\\\Desktop\\\\GIT\\\\300\\\\e18-3yp-Smart-Gate-Keeping-and-Authentication-System\\\\functions\\\\node_modules\\\\firebase-admin\\\\lib\\\\index.js\"}}"}}
[debug] [2022-12-19T11:22:50.034Z] [runtime-status] [26432] initializeApp(DEFAULT) {"credential":{"implicit":false,"projectId":"co300project","privateKey":"-----BEGIN PRIVATE KEY-----\nMIIEvwIBADANBgkqhkiG9w0BAQEFAASCBKkwggSlAgEAAoIBAQCwqZbMTQeRKr8K\n7aBi6dnYtdKH0rrT8w/r/c8+GYjEgYnK5yuwszCa8RcqiB4RIsenbG7PCOACnfI6\nHxocmQ3y7d4mwpBXgYGdOf9mJZxvyFcD3Rxst2Hsiel7y81eEnvx5D2HtjVd9qrw\ngSJ9uLcWRsqeO9cRj39Peo3DyaBBAu7xCMWqUYhxarvAz4h9xVYpoHhtJ9uqRFid\nGRX6zSBxN4IJNucEEVtk+uf0nYOuMuKN5/NM10+iFSnRgx0+7QFmM6hrOCtWM5gG\nxnuvOCofAOLDhyhexsAfACaXqdmu9Zb0IK9ajQsS+9ZQUypDtpO39uvucrTAN8h/\ni+5/ruWxAgMBAAECggEAFZXLCpBY3dhaulOZdqx7BRsGK7lIQZBfwCZlVYGaL+Rh\n+SwwrujeBfhyK6yw+8gDnAXILjy33in9SDO3pYnf5fBBZfv81exJcXP+LDVpPVE9\nrIeuKuxnJxccs5cNszJP+Zi5GeVd9OqoLTWiCLlyiWLB6/6Ewy0E0am4O5VdosOr\n6+1y4u3jlvvgH6z2nkbBg+7+eP9SXi3KJtQ4WJdggZBmqzlh0AK6hERrrffIzlag\nzd4j7obcLUmIjlCF9q/ZtFm5AtKwKaaCujbrioaBPPnuVjAwO60bpqOM7IILmR4f\nm8xSxhY6fCCqATKYvgmFn6XVADWweNOSWMjkpC5dbwKBgQD3gVobZSXxDd8hLM4E\nJTr0qbZ6Kw/VzW0PqPNUOU9xOTmxKMDSYieV7pJ4KjLhzp7Mk7+NLgF73ZnT9i3b\nTy1yWn07unVVfg1qtAcUfTaOpAoDTuI1lmjgWdNs53wjZ3y/MvLsr9stJKcUDQ3j\nVdHtXsQO9ZR2O0NA1Zx91UI0HwKBgQC2ucr/G0feRT0lW8B7BNjXiv3JH9ADxMMy\nfa/IJ+ZZ6JjMlrya9T3iNCbuihgPm0bPSqTliBptqqCV4bFKVoGCJ8jcFqzXJO+D\nH6OMjda2DEtwiCUuw0XGM8jZVi8VVjwwO/IiTthG0DHPtelx8M9aRTPt7k/cIY8Z\nd7wVJi4sLwKBgQD0kS3vuhA21QUx6+sa74sFLhoxOBHqq5XkDod7JzJX6DsY0vNO\nME17ewXilZg3xwrlje2O3PH8aqnRaAZCGkgHImFzPrkopGkvkfsZBO1/H5sBT9Z5\nK0owvrILf+YLufvrlrWyqcbDId+zEX8yr5/DlYvYWFS+S6sWCr4bHTrQ8wKBgQCF\nFI3e/Ix8OqtM8SUfs6kGWsl5WP0UMZMEy/thaIXhR4E5yDL3HNQEUn1kUBk0DKAm\nyzOLpHOzGYk5gBWykYxjMfydJrqdOt5h/oIMFSWikxPCkrWZ+EhyETcf6yABhzvw\n2UgBarEj6e/NWqz5+ivaj/pBOMbbCWoCX20RbixEqwKBgQDBPdhfc3Wdreqvhzyi\ndk5IclP9qvsJ8oJZBKr6gt7+TP9WJZizD8qqP7u7vBsvMIumIKRqqIuXiBstrRuf\nit3vgeKoj8xs7oUZPFGb+U8YDakSs2Z4h/ga6iqIcP3WLQ5rtZA3JDmz8cOHJUn/\nv0nw5mSUv6gcaH6zu3Ho8UfD+Q==\n-----END PRIVATE KEY-----\n","clientEmail":"firebase-adminsdk-og0i4@co300project.iam.gserviceaccount.com","httpClient":{"retry":{"maxRetries":4,"statusCodes":[503],"ioErrorCodes":["ECONNRESET","ETIMEDOUT"],"backOffFactor":0.5,"maxDelayInMillis":60000}}},"databaseURL":"https://co300project-default-rtdb.firebaseio.com"} {"metadata":{"emulator":{"name":"functions"},"function":{"name":"us-central1-app"},"extension":{},"message":"[runtime-status] [26432] initializeApp(DEFAULT) {\"credential\":{\"implicit\":false,\"projectId\":\"co300project\",\"privateKey\":\"-----BEGIN PRIVATE KEY-----\\nMIIEvwIBADANBgkqhkiG9w0BAQEFAASCBKkwggSlAgEAAoIBAQCwqZbMTQeRKr8K\\n7aBi6dnYtdKH0rrT8w/r/c8+GYjEgYnK5yuwszCa8RcqiB4RIsenbG7PCOACnfI6\\nHxocmQ3y7d4mwpBXgYGdOf9mJZxvyFcD3Rxst2Hsiel7y81eEnvx5D2HtjVd9qrw\\ngSJ9uLcWRsqeO9cRj39Peo3DyaBBAu7xCMWqUYhxarvAz4h9xVYpoHhtJ9uqRFid\\nGRX6zSBxN4IJNucEEVtk+uf0nYOuMuKN5/NM10+iFSnRgx0+7QFmM6hrOCtWM5gG\\nxnuvOCofAOLDhyhexsAfACaXqdmu9Zb0IK9ajQsS+9ZQUypDtpO39uvucrTAN8h/\\ni+5/ruWxAgMBAAECggEAFZXLCpBY3dhaulOZdqx7BRsGK7lIQZBfwCZlVYGaL+Rh\\n+SwwrujeBfhyK6yw+8gDnAXILjy33in9SDO3pYnf5fBBZfv81exJcXP+LDVpPVE9\\nrIeuKuxnJxccs5cNszJP+Zi5GeVd9OqoLTWiCLlyiWLB6/6Ewy0E0am4O5VdosOr\\n6+1y4u3jlvvgH6z2nkbBg+7+eP9SXi3KJtQ4WJdggZBmqzlh0AK6hERrrffIzlag\\nzd4j7obcLUmIjlCF9q/ZtFm5AtKwKaaCujbrioaBPPnuVjAwO60bpqOM7IILmR4f\\nm8xSxhY6fCCqATKYvgmFn6XVADWweNOSWMjkpC5dbwKBgQD3gVobZSXxDd8hLM4E\\nJTr0qbZ6Kw/VzW0PqPNUOU9xOTmxKMDSYieV7pJ4KjLhzp7Mk7+NLgF73ZnT9i3b\\nTy1yWn07unVVfg1qtAcUfTaOpAoDTuI1lmjgWdNs53wjZ3y/MvLsr9stJKcUDQ3j\\nVdHtXsQO9ZR2O0NA1Zx91UI0HwKBgQC2ucr/G0feRT0lW8B7BNjXiv3JH9ADxMMy\\nfa/IJ+ZZ6JjMlrya9T3iNCbuihgPm0bPSqTliBptqqCV4bFKVoGCJ8jcFqzXJO+D\\nH6OMjda2DEtwiCUuw0XGM8jZVi8VVjwwO/IiTthG0DHPtelx8M9aRTPt7k/cIY8Z\\nd7wVJi4sLwKBgQD0kS3vuhA21QUx6+sa74sFLhoxOBHqq5XkDod7JzJX6DsY0vNO\\nME17ewXilZg3xwrlje2O3PH8aqnRaAZCGkgHImFzPrkopGkvkfsZBO1/H5sBT9Z5\\nK0owvrILf+YLufvrlrWyqcbDId+zEX8yr5/DlYvYWFS+S6sWCr4bHTrQ8wKBgQCF\\nFI3e/Ix8OqtM8SUfs6kGWsl5WP0UMZMEy/thaIXhR4E5yDL3HNQEUn1kUBk0DKAm\\nyzOLpHOzGYk5gBWykYxjMfydJrqdOt5h/oIMFSWikxPCkrWZ+EhyETcf6yABhzvw\\n2UgBarEj6e/NWqz5+ivaj/pBOMbbCWoCX20RbixEqwKBgQDBPdhfc3Wdreqvhzyi\\ndk5IclP9qvsJ8oJZBKr6gt7+TP9WJZizD8qqP7u7vBsvMIumIKRqqIuXiBstrRuf\\nit3vgeKoj8xs7oUZPFGb+U8YDakSs2Z4h/ga6iqIcP3WLQ5rtZA3JDmz8cOHJUn/\\nv0nw5mSUv6gcaH6zu3Ho8UfD+Q==\\n-----END PRIVATE KEY-----\\n\",\"clientEmail\":\"firebase-adminsdk-og0i4@co300project.iam.gserviceaccount.com\",\"httpClient\":{\"retry\":{\"maxRetries\":4,\"statusCodes\":[503],\"ioErrorCodes\":[\"ECONNRESET\",\"ETIMEDOUT\"],\"backOffFactor\":0.5,\"maxDelayInMillis\":60000}}},\"databaseURL\":\"https://co300project-default-rtdb.firebaseio.com\"}"}}
[warn] !  functions: The Cloud Firestore emulator is not running, so calls to Firestore will affect production. {"metadata":{"emulator":{"name":"functions"},"function":{"name":"us-central1-app"},"extension":{},"message":"The Cloud Firestore emulator is not running, so calls to Firestore will affect production."}}
[debug] [2022-12-19T11:22:51.278Z] [runtime-status] [26432] Functions runtime initialized. {"cwd":"C:\\Users\\user\\Desktop\\GIT\\300\\e18-3yp-Smart-Gate-Keeping-and-Authentication-System\\functions","node_version":"16.16.0"} {"metadata":{"emulator":{"name":"functions"},"function":{"name":"us-central1-app"},"extension":{},"message":"[runtime-status] [26432] Functions runtime initialized. {\"cwd\":\"C:\\\\Users\\\\user\\\\Desktop\\\\GIT\\\\300\\\\e18-3yp-Smart-Gate-Keeping-and-Authentication-System\\\\functions\",\"node_version\":\"16.16.0\"}"}}
[debug] [2022-12-19T11:22:51.279Z] [runtime-status] [26432] Listening to port: \\?\pipe\fire_emu_20aaf1c0f5414770 {"metadata":{"emulator":{"name":"functions"},"function":{"name":"us-central1-app"},"extension":{},"message":"[runtime-status] [26432] Listening to port: \\\\?\\pipe\\fire_emu_20aaf1c0f5414770"}}
[debug] [2022-12-19T11:22:51.389Z] [worker-us-central1-app-ba6d89e6-d331-44c1-a24c-7051c8e5b096]: IDLE {"metadata":{"emulator":{"name":"functions"},"message":"[worker-us-central1-app-ba6d89e6-d331-44c1-a24c-7051c8e5b096]: IDLE"}}
[debug] [2022-12-19T11:22:51.390Z] [worker-pool] submitRequest(triggerId=us-central1-app) {"metadata":{"emulator":{"name":"functions"},"message":"[worker-pool] submitRequest(triggerId=us-central1-app)"}}
[debug] [2022-12-19T11:22:51.390Z] [worker-us-central1-app-ba6d89e6-d331-44c1-a24c-7051c8e5b096]: BUSY {"metadata":{"emulator":{"name":"functions"},"message":"[worker-us-central1-app-ba6d89e6-d331-44c1-a24c-7051c8e5b096]: BUSY"}}
[info] i  functions: Beginning execution of "app" {"metadata":{"emulator":{"name":"functions"},"function":{"name":"us-central1-app"},"extension":{},"message":"Beginning execution of \"app\""}}
[debug] [2022-12-19T11:22:51.406Z] [worker-us-central1-app-ba6d89e6-d331-44c1-a24c-7051c8e5b096]: IDLE {"metadata":{"emulator":{"name":"functions"},"message":"[worker-us-central1-app-ba6d89e6-d331-44c1-a24c-7051c8e5b096]: IDLE"}}
[debug] [2022-12-19T11:22:51.407Z] [work-queue] {"queueLength":0,"workRunningCount":0}
[info] i  functions: Finished "app" in 9.1195ms {"metadata":{"emulator":{"name":"functions"},"function":{"name":"us-central1-app"},"extension":{},"message":"Finished \"app\" in 9.1195ms"}}
[debug] [2022-12-19T11:22:59.853Z] [work-queue] {"queueLength":1,"workRunningCount":0}
[debug] [2022-12-19T11:22:59.853Z] [work-queue] {"queueLength":0,"workRunningCount":1}
[debug] [2022-12-19T11:22:59.854Z] Accepted request GET /co300project/us-central1/app --> us-central1-app
[debug] [2022-12-19T11:22:59.860Z] [functions] Runtime ready! Sending request! {"metadata":{"emulator":{"name":"functions"},"message":"[functions] Runtime ready! Sending request!"}}
[debug] [2022-12-19T11:22:59.861Z] [functions] Got req.url=/co300project/us-central1/app, mapping to path=/ {"metadata":{"emulator":{"name":"functions"},"message":"[functions] Got req.url=/co300project/us-central1/app, mapping to path=/"}}
[debug] [2022-12-19T11:22:59.861Z] [worker-pool] submitRequest(triggerId=us-central1-app) {"metadata":{"emulator":{"name":"functions"},"message":"[worker-pool] submitRequest(triggerId=us-central1-app)"}}
[debug] [2022-12-19T11:22:59.861Z] [worker-us-central1-app-ba6d89e6-d331-44c1-a24c-7051c8e5b096]: BUSY {"metadata":{"emulator":{"name":"functions"},"message":"[worker-us-central1-app-ba6d89e6-d331-44c1-a24c-7051c8e5b096]: BUSY"}}
[info] i  functions: Beginning execution of "app" {"metadata":{"emulator":{"name":"functions"},"function":{"name":"us-central1-app"},"extension":{},"message":"Beginning execution of \"app\""}}
[debug] [2022-12-19T11:22:59.867Z] [worker-us-central1-app-ba6d89e6-d331-44c1-a24c-7051c8e5b096]: IDLE {"metadata":{"emulator":{"name":"functions"},"message":"[worker-us-central1-app-ba6d89e6-d331-44c1-a24c-7051c8e5b096]: IDLE"}}
[debug] [2022-12-19T11:22:59.868Z] [work-queue] {"queueLength":0,"workRunningCount":0}
[info] i  functions: Finished "app" in 3.0753ms {"metadata":{"emulator":{"name":"functions"},"function":{"name":"us-central1-app"},"extension":{},"message":"Finished \"app\" in 3.0753ms"}}
[debug] [2022-12-19T11:23:36.753Z] File C:\Users\user\Desktop\GIT\300\e18-3yp-Smart-Gate-Keeping-and-Authentication-System\functions\index.js changed, reloading triggers {"metadata":{"emulator":{"name":"functions"},"message":"File C:\\Users\\user\\Desktop\\GIT\\300\\e18-3yp-Smart-Gate-Keeping-and-Authentication-System\\functions\\index.js changed, reloading triggers"}}
[debug] [2022-12-19T11:23:37.760Z] Validating nodejs source
[warn] !  functions: package.json indicates an outdated version of firebase-functions. Please upgrade using npm install --save firebase-functions@latest in your functions directory. 
[warn] !  functions: Please note that there will be breaking changes when you upgrade. 
[debug] [2022-12-19T11:23:45.714Z] > [functions] package.json contents: {
  "name": "functions",
  "description": "Cloud Functions for Firebase",
  "scripts": {
    "lint": "eslint .",
    "serve": "firebase emulators:start --only functions",
    "shell": "firebase functions:shell",
    "start": "npm run shell",
    "deploy": "firebase deploy --only functions",
    "logs": "firebase functions:log"
  },
  "engines": {
    "node": "16"
  },
  "main": "index.js",
  "dependencies": {
    "cors": "^2.8.5",
    "express": "^4.18.2",
    "firebase-admin": "^10.0.2",
    "firebase-functions": "^3.18.0"
  },
  "devDependencies": {
    "eslint": "^8.9.0",
    "eslint-config-google": "^0.14.0",
    "firebase-functions-test": "^0.2.0"
  },
  "private": true
}
[debug] [2022-12-19T11:23:45.714Z] Building nodejs source
[debug] [2022-12-19T11:23:45.714Z] Analyzing nodejs backend spec
[debug] [2022-12-19T11:23:45.716Z] Could not find functions.yaml. Must use http discovery
[debug] [2022-12-19T11:23:46.274Z] Serving at port 9005

[debug] [2022-12-19T11:23:46.620Z] Got response from /__/functions.yaml {"endpoints":{"app":{"platform":"gcfv1","httpsTrigger":{},"entryPoint":"app"}},"specVersion":"v1alpha1","requiredAPIs":[]}
[debug] [2022-12-19T11:23:46.628Z] shutdown requested via /__/quitquitquit

[info] +  functions: Loaded functions definitions from source: app. {"metadata":{"emulator":{"name":"functions"},"message":"Loaded functions definitions from source: app."}}
[debug] [2022-12-19T11:23:46.650Z] [worker-pool] Shutting down IDLE worker (us-central1-app) {"metadata":{"emulator":{"name":"functions"},"message":"[worker-pool] Shutting down IDLE worker (us-central1-app)"}}
[debug] [2022-12-19T11:23:46.651Z] [worker-us-central1-app-ba6d89e6-d331-44c1-a24c-7051c8e5b096]: FINISHING {"metadata":{"emulator":{"name":"functions"},"message":"[worker-us-central1-app-ba6d89e6-d331-44c1-a24c-7051c8e5b096]: FINISHING"}}
[debug] [2022-12-19T11:23:46.666Z] [worker-us-central1-app-ba6d89e6-d331-44c1-a24c-7051c8e5b096]: exited {"metadata":{"emulator":{"name":"functions"},"message":"[worker-us-central1-app-ba6d89e6-d331-44c1-a24c-7051c8e5b096]: exited"}}
[debug] [2022-12-19T11:23:46.667Z] [worker-us-central1-app-ba6d89e6-d331-44c1-a24c-7051c8e5b096]: FINISHED {"metadata":{"emulator":{"name":"functions"},"message":"[worker-us-central1-app-ba6d89e6-d331-44c1-a24c-7051c8e5b096]: FINISHED"}}
[debug] [2022-12-19T11:27:56.451Z] ----------------------------------------------------------------------
[debug] [2022-12-19T11:27:56.456Z] Command:       C:\Program Files\nodejs\node.exe C:\Users\user\AppData\Roaming\npm\node_modules\firebase-tools\lib\bin\firebase.js deploy
[debug] [2022-12-19T11:27:56.457Z] CLI Version:   11.16.1
[debug] [2022-12-19T11:27:56.457Z] Platform:      win32
[debug] [2022-12-19T11:27:56.457Z] Node Version:  v16.16.0
[debug] [2022-12-19T11:27:56.467Z] Time:          Mon Dec 19 2022 16:57:56 GMT+0530 (India Standard Time)
[debug] [2022-12-19T11:27:56.468Z] ----------------------------------------------------------------------
[debug] 
[debug] [2022-12-19T11:27:56.642Z] > command requires scopes: ["email","openid","https://www.googleapis.com/auth/cloudplatformprojects.readonly","https://www.googleapis.com/auth/firebase","https://www.googleapis.com/auth/cloud-platform"]
[debug] [2022-12-19T11:27:56.644Z] > authorizing via signed-in user (e18068@eng.pdn.ac.lk)
[debug] [2022-12-19T11:27:56.644Z] [iam] checking project co300project for permissions ["cloudfunctions.functions.create","cloudfunctions.functions.delete","cloudfunctions.functions.get","cloudfunctions.functions.list","cloudfunctions.functions.update","cloudfunctions.operations.get","firebase.projects.get","firebasehosting.sites.update"]
[debug] [2022-12-19T11:27:56.650Z] >>> [apiv2][query] POST https://cloudresourcemanager.googleapis.com/v1/projects/co300project:testIamPermissions [none]
[debug] [2022-12-19T11:27:56.651Z] >>> [apiv2][(partial)header] POST https://cloudresourcemanager.googleapis.com/v1/projects/co300project:testIamPermissions x-goog-quota-user=projects/co300project
[debug] [2022-12-19T11:27:56.651Z] >>> [apiv2][body] POST https://cloudresourcemanager.googleapis.com/v1/projects/co300project:testIamPermissions {"permissions":["cloudfunctions.functions.create","cloudfunctions.functions.delete","cloudfunctions.functions.get","cloudfunctions.functions.list","cloudfunctions.functions.update","cloudfunctions.operations.get","firebase.projects.get","firebasehosting.sites.update"]}
[debug] [2022-12-19T11:27:58.362Z] <<< [apiv2][status] POST https://cloudresourcemanager.googleapis.com/v1/projects/co300project:testIamPermissions 200
[debug] [2022-12-19T11:27:58.362Z] <<< [apiv2][body] POST https://cloudresourcemanager.googleapis.com/v1/projects/co300project:testIamPermissions {"permissions":["cloudfunctions.functions.create","cloudfunctions.functions.delete","cloudfunctions.functions.get","cloudfunctions.functions.list","cloudfunctions.functions.update","cloudfunctions.operations.get","firebase.projects.get","firebasehosting.sites.update"]}
[debug] [2022-12-19T11:27:58.363Z] >>> [apiv2][query] POST https://iam.googleapis.com/v1/projects/co300project/serviceAccounts/co300project@appspot.gserviceaccount.com:testIamPermissions [none]
[debug] [2022-12-19T11:27:58.363Z] >>> [apiv2][body] POST https://iam.googleapis.com/v1/projects/co300project/serviceAccounts/co300project@appspot.gserviceaccount.com:testIamPermissions {"permissions":["iam.serviceAccounts.actAs"]}
[debug] [2022-12-19T11:28:00.091Z] <<< [apiv2][status] POST https://iam.googleapis.com/v1/projects/co300project/serviceAccounts/co300project@appspot.gserviceaccount.com:testIamPermissions 200
[debug] [2022-12-19T11:28:00.092Z] <<< [apiv2][body] POST https://iam.googleapis.com/v1/projects/co300project/serviceAccounts/co300project@appspot.gserviceaccount.com:testIamPermissions {"permissions":["iam.serviceAccounts.actAs"]}
[debug] [2022-12-19T11:28:00.095Z] >>> [apiv2][query] GET https://firebase.googleapis.com/v1beta1/projects/co300project [none]
[debug] [2022-12-19T11:28:01.030Z] <<< [apiv2][status] GET https://firebase.googleapis.com/v1beta1/projects/co300project 200
[debug] [2022-12-19T11:28:01.030Z] <<< [apiv2][body] GET https://firebase.googleapis.com/v1beta1/projects/co300project {"projectId":"co300project","projectNumber":"687930390947","displayName":"CO300Project","name":"projects/co300project","resources":{"hostingSite":"co300project","realtimeDatabaseInstance":"co300project-default-rtdb"},"state":"ACTIVE","etag":"1_47c3035e-15eb-47e5-b017-fae0171064f2"}
[info] 
[info] === Deploying to 'co300project'...
[info] 
[info] i  deploying functions, hosting 
[info] Running command: npm --prefix "$RESOURCE_DIR" run lint
[error] 
[error] Error: functions predeploy error: Command terminated with non-zero exit code 1
[debug] [2022-12-19T11:33:05.103Z] File C:\Users\user\Desktop\GIT\300\e18-3yp-Smart-Gate-Keeping-and-Authentication-System\functions\package.json changed, reloading triggers {"metadata":{"emulator":{"name":"functions"},"message":"File C:\\Users\\user\\Desktop\\GIT\\300\\e18-3yp-Smart-Gate-Keeping-and-Authentication-System\\functions\\package.json changed, reloading triggers"}}
[debug] [2022-12-19T11:33:06.129Z] Validating nodejs source
[warn] !  functions: package.json indicates an outdated version of firebase-functions. Please upgrade using npm install --save firebase-functions@latest in your functions directory. 
[warn] !  functions: Please note that there will be breaking changes when you upgrade. 
[debug] [2022-12-19T11:33:12.902Z] > [functions] package.json contents: {
  "name": "functions",
  "description": "Cloud Functions for Firebase",
  "scripts": {
    "lint": "eslint",
    "serve": "firebase emulators:start --only functions",
    "shell": "firebase functions:shell",
    "start": "npm run shell",
    "deploy": "firebase deploy --only functions",
    "logs": "firebase functions:log"
  },
  "engines": {
    "node": "16"
  },
  "main": "index.js",
  "dependencies": {
    "cors": "^2.8.5",
    "express": "^4.18.2",
    "firebase-admin": "^10.0.2",
    "firebase-functions": "^3.18.0"
  },
  "devDependencies": {
    "eslint": "^8.9.0",
    "eslint-config-google": "^0.14.0",
    "firebase-functions-test": "^0.2.0"
  },
  "private": true
}
[debug] [2022-12-19T11:33:12.902Z] Building nodejs source
[debug] [2022-12-19T11:33:12.902Z] Analyzing nodejs backend spec
[debug] [2022-12-19T11:33:12.903Z] Could not find functions.yaml. Must use http discovery
[debug] [2022-12-19T11:33:13.540Z] Serving at port 9005

[debug] [2022-12-19T11:33:13.930Z] Got response from /__/functions.yaml {"endpoints":{"app":{"platform":"gcfv1","httpsTrigger":{},"entryPoint":"app"}},"specVersion":"v1alpha1","requiredAPIs":[]}
[debug] [2022-12-19T11:33:13.943Z] shutdown requested via /__/quitquitquit

[info] +  functions: Loaded functions definitions from source: app. {"metadata":{"emulator":{"name":"functions"},"message":"Loaded functions definitions from source: app."}}
[debug] [2022-12-19T13:24:14.023Z] File C:\Users\user\Desktop\GIT\300\e18-3yp-Smart-Gate-Keeping-and-Authentication-System\functions\package-lock.json changed, reloading triggers {"metadata":{"emulator":{"name":"functions"},"message":"File C:\\Users\\user\\Desktop\\GIT\\300\\e18-3yp-Smart-Gate-Keeping-and-Authentication-System\\functions\\package-lock.json changed, reloading triggers"}}
[debug] [2022-12-19T13:24:14.031Z] File C:\Users\user\Desktop\GIT\300\e18-3yp-Smart-Gate-Keeping-and-Authentication-System\functions\package.json changed, reloading triggers {"metadata":{"emulator":{"name":"functions"},"message":"File C:\\Users\\user\\Desktop\\GIT\\300\\e18-3yp-Smart-Gate-Keeping-and-Authentication-System\\functions\\package.json changed, reloading triggers"}}
[debug] [2022-12-19T13:24:15.049Z] Validating nodejs source
[warn] !  functions: package.json indicates an outdated version of firebase-functions. Please upgrade using npm install --save firebase-functions@latest in your functions directory. 
[warn] !  functions: Please note that there will be breaking changes when you upgrade. 
[debug] [2022-12-19T13:24:22.704Z] > [functions] package.json contents: {
  "name": "functions",
  "description": "Cloud Functions for Firebase",
  "scripts": {
    "lint": "eslint",
    "serve": "firebase emulators:start --only functions",
    "shell": "firebase functions:shell",
    "start": "npm run shell",
    "deploy": "firebase deploy --only functions",
    "logs": "firebase functions:log"
  },
  "engines": {
    "node": "16"
  },
  "main": "index.js",
  "dependencies": {
    "cors": "^2.8.5",
    "express": "^4.18.2",
    "firebase": "^9.15.0",
    "firebase-admin": "^10.0.2",
    "firebase-functions": "^3.18.0"
  },
  "devDependencies": {
    "eslint": "^8.9.0",
    "eslint-config-google": "^0.14.0",
    "firebase-functions-test": "^0.2.0"
  },
  "private": true
}
[debug] [2022-12-19T13:24:22.704Z] Building nodejs source
[debug] [2022-12-19T13:24:22.705Z] Analyzing nodejs backend spec
[debug] [2022-12-19T13:24:22.707Z] Could not find functions.yaml. Must use http discovery
[debug] [2022-12-19T13:24:23.538Z] Serving at port 9005

[debug] [2022-12-19T13:24:24.140Z] Got response from /__/functions.yaml {"endpoints":{"app":{"platform":"gcfv1","httpsTrigger":{},"entryPoint":"app"}},"specVersion":"v1alpha1","requiredAPIs":[]}
[debug] [2022-12-19T13:24:24.148Z] shutdown requested via /__/quitquitquit

[info] +  functions: Loaded functions definitions from source: app. {"metadata":{"emulator":{"name":"functions"},"message":"Loaded functions definitions from source: app."}}
